<?xml version="1.0" encoding="UTF-8"?>
<!-- Generated by org.testng.reporters.JUnitReportReporter -->
<testsuite hostname="LAPTOP-PGNSA0ES" failures="0" tests="1" name="tek.api.sqa.tests.SecurityTest" time="2.011" errors="0" timestamp="2023-05-25T02:17:40 PDT" skipped="0">
  <testcase classname="tek.api.sqa.tests.SecurityTest" name="testGenerateTokenValidUser" time="2.011"/>
  <system-out/>
</testsuite> <!-- tek.api.sqa.tests.SecurityTest -->
