<?xml version="1.0" encoding="UTF-8"?>
<!-- Generated by org.testng.reporters.JUnitReportReporter -->
<testsuite hostname="LAPTOP-PGNSA0ES" failures="0" tests="1" name="tek.api.sqa.tests.TokenVerifyTest" time="2.441" errors="0" timestamp="2023-05-25T02:15:08 PDT" skipped="0">
  <testcase classname="tek.api.sqa.tests.TokenVerifyTest" name="verifyValidToken" time="2.441"/>
  <system-out/>
</testsuite> <!-- tek.api.sqa.tests.TokenVerifyTest -->
