<?xml version="1.0" encoding="UTF-8"?>
<!-- Generated by org.testng.reporters.JUnitReportReporter -->
<testsuite hostname="LAPTOP-PGNSA0ES" failures="0" tests="1" name="tek.api.sqa.tests.GetAccountTest" time="2.806" errors="0" timestamp="2023-05-25T01:46:53 PDT" skipped="0">
  <testcase classname="tek.api.sqa.tests.GetAccountTest" name="getAccountWithExistingId" time="2.806"/>
  <system-out/>
</testsuite> <!-- tek.api.sqa.tests.GetAccountTest -->
